2023-10-14 07:58:08,056:INFO:PyCaret Supervised Module
2023-10-14 07:58:08,059:INFO:ML Usecase: classification
2023-10-14 07:58:08,060:INFO:version 2.3.10
2023-10-14 07:58:08,062:INFO:Initializing setup()
2023-10-14 07:58:08,063:INFO:setup(target=timestamp, ml_usecase=classification, available_plots={'parameter': 'Hyperparameters', 'auc': 'AUC', 'confusion_matrix': 'Confusion Matrix', 'threshold': 'Threshold', 'pr': 'Precision Recall', 'error': 'Prediction Error', 'class_report': 'Class Report', 'rfe': 'Feature Selection', 'learning': 'Learning Curve', 'manifold': 'Manifold Learning', 'calibration': 'Calibration Curve', 'vc': 'Validation Curve', 'dimension': 'Dimensions', 'feature': 'Feature Importance', 'feature_all': 'Feature Importance (All)', 'boundary': 'Decision Boundary', 'lift': 'Lift Chart', 'gain': 'Gain Chart', 'tree': 'Decision Tree', 'ks': 'KS Statistic Plot'}, train_size=0.7, test_data=None, preprocess=True, imputation_type=simple, iterative_imputation_iters=5, categorical_features=None, categorical_imputation=constant, categorical_iterative_imputer=lightgbm, ordinal_features=None, high_cardinality_features=None, high_cardinality_method=frequency, numeric_features=None, numeric_imputation=mean, numeric_iterative_imputer=lightgbm, date_features=None, ignore_features=None, normalize=False, normalize_method=zscore, transformation=False, transformation_method=yeo-johnson, handle_unknown_categorical=True, unknown_categorical_method=least_frequent, pca=False, pca_method=linear, pca_components=None, ignore_low_variance=False, combine_rare_levels=False, rare_level_threshold=0.1, bin_numeric_features=None, remove_outliers=False, outliers_threshold=0.05, remove_multicollinearity=False, multicollinearity_threshold=0.9, remove_perfect_collinearity=True, create_clusters=False, cluster_iter=20, polynomial_features=False, polynomial_degree=2, trigonometry_features=False, polynomial_threshold=0.1, group_features=None, group_names=None, feature_selection=False, feature_selection_threshold=0.8, feature_selection_method=classic, feature_interaction=False, feature_ratio=False, interaction_threshold=0.01, fix_imbalance=False, fix_imbalance_method=None, transform_target=False, transform_target_method=box-cox, data_split_shuffle=True, data_split_stratify=False, fold_strategy=stratifiedkfold, fold=10, fold_shuffle=False, fold_groups=None, n_jobs=-1, use_gpu=False, custom_pipeline=None, html=True, session_id=None, log_experiment=False, experiment_name=None, experiment_custom_tags=None, log_plots=False, log_profile=False, log_data=False, silent=False, verbose=True, profile=False, profile_kwargs=None, display=None)
2023-10-14 07:58:08,074:INFO:Checking environment
2023-10-14 07:58:08,075:INFO:python_version: 3.7.12
2023-10-14 07:58:08,078:INFO:python_build: ('default', 'Oct 26 2021 05:35:01')
2023-10-14 07:58:08,080:INFO:machine: AMD64
2023-10-14 07:58:08,083:INFO:platform: Windows-10-10.0.19041-SP0
2023-10-14 07:58:08,089:INFO:Memory: svmem(total=12760231936, available=6650359808, percent=47.9, used=6109872128, free=6650359808)
2023-10-14 07:58:08,090:INFO:Physical Core: 2
2023-10-14 07:58:08,095:INFO:Logical Core: 4
2023-10-14 07:58:08,098:INFO:Checking libraries
2023-10-14 07:58:08,105:INFO:pd==1.1.5
2023-10-14 07:58:08,107:INFO:numpy==1.19.5
2023-10-14 07:58:08,108:INFO:sklearn==0.23.2
2023-10-14 07:58:08,109:INFO:lightgbm==3.3.5
2023-10-14 07:58:08,115:WARNING:catboost not found
2023-10-14 07:58:09,039:INFO:xgboost==1.6.2
2023-10-14 07:58:09,041:INFO:mlflow==1.28.0
2023-10-14 07:58:09,042:INFO:Checking Exceptions
2023-10-14 07:58:09,044:INFO:Declaring global variables
2023-10-14 07:58:09,045:INFO:USI: e033
2023-10-14 07:58:09,047:INFO:pycaret_globals: {'_all_models_internal', 'iterative_imputation_iters_param', 'experiment__', 'fold_generator', 'imputation_regressor', 'fold_param', 'prep_pipe', 'exp_name_log', '_available_plots', 'target_param', 'y_train', '_ml_usecase', 'n_jobs_param', 'X_train', 'display_container', 'fold_groups_param_full', 'log_plots_param', 'master_model_container', 'gpu_param', '_internal_pipeline', 'USI', 'y_test', 'X', 'logging_param', 'pycaret_globals', 'transform_target_method_param', 'seed', 'y', 'fix_imbalance_param', '_all_metrics', 'fold_shuffle_param', 'create_model_container', 'stratify_param', 'fold_groups_param', '_gpu_n_jobs_param', 'data_before_preprocess', 'dashboard_logger', 'imputation_classifier', 'transform_target_param', 'X_test', 'html_param', 'fix_imbalance_method_param', '_all_models'}
2023-10-14 07:58:09,051:INFO:Preparing display monitor
2023-10-14 07:58:09,053:INFO:Preparing display monitor
2023-10-14 07:58:09,700:INFO:Importing libraries
2023-10-14 07:58:09,702:INFO:Copying data for preprocessing
2023-10-14 07:58:09,749:INFO:Declaring preprocessing parameters
2023-10-14 07:58:09,756:INFO:Creating preprocessing pipeline
2023-10-14 07:58:09,852:INFO:Preprocessing pipeline created successfully
2023-10-14 07:58:09,853:ERROR:(Process Exit): setup has been interupted with user command 'quit'. setup must rerun.
2023-10-14 07:58:09,853:INFO:Creating global containers
2023-10-14 07:58:09,966:INFO:Internal pipeline: Pipeline(memory=None, steps=[('empty_step', 'passthrough')], verbose=False)
